# JRE version: Java(TM) SE Runtime Environment (8.0_202-b08) (build 1.8.0_202-b08)
# Java VM: Java HotSpot(TM) 64-Bit Server VM (25.202-b08 mixed mode windows-amd64 compressed oops)
Heap:
 PSYoungGen      total 308736K, used 144452K [0x000000076b100000, 0x0000000783300000, 0x00000007c0000000)
  eden space 288768K, 48% used [0x000000076b100000,0x00000007739bdf68,0x000000077cb00000)
  from space 19968K, 22% used [0x000000077cb00000,0x000000077cf530e8,0x000000077de80000)
  to   space 19456K, 0% used [0x0000000782000000,0x0000000782000000,0x0000000783300000)
 ParOldGen       total 218112K, used 27609K [0x00000006c1200000, 0x00000006ce700000, 0x000000076b100000)
  object space 218112K, 12% used [0x00000006c1200000,0x00000006c2cf6480,0x00000006ce700000)
 Metaspace       used 61116K, capacity 64746K, committed 64896K, reserved 1105920K
  class space    used 8424K, capacity 9054K, committed 9088K, reserved 1048576K
GC Heap History (10 events):
Event: 11.554 GC heap before
{Heap before GC invocations=11 (full 2):
 PSYoungGen      total 247296K, used 162275K [0x000000076b100000, 0x000000077b780000, 0x00000007c0000000)
  eden space 231936K, 63% used [0x000000076b100000,0x000000077407ada0,0x0000000779380000)
  from space 15360K, 99% used [0x000000077a800000,0x000000077b6fe1c8,0x000000077b700000)
  to   space 18432K, 0% used [0x0000000779380000,0x0000000779380000,0x000000077a580000)
 ParOldGen       total 158208K, used 19244K [0x00000006c1200000, 0x00000006cac80000, 0x000000076b100000)
  object space 158208K, 12% used [0x00000006c1200000,0x00000006c24cb0f8,0x00000006cac80000)
 Metaspace       used 55527K, capacity 58792K, committed 59008K, reserved 1099776K
  class space    used 7751K, capacity 8312K, committed 8320K, reserved 1048576K
Event: 11.563 GC heap after
Heap after GC invocations=11 (full 2):
 PSYoungGen      total 250368K, used 16864K [0x000000076b100000, 0x000000077f280000, 0x00000007c0000000)
  eden space 231936K, 0% used [0x000000076b100000,0x000000076b100000,0x0000000779380000)
  from space 18432K, 91% used [0x0000000779380000,0x000000077a3f82f0,0x000000077a580000)
  to   space 20480K, 0% used [0x000000077de80000,0x000000077de80000,0x000000077f280000)
 ParOldGen       total 158208K, used 19252K [0x00000006c1200000, 0x00000006cac80000, 0x000000076b100000)
  object space 158208K, 12% used [0x00000006c1200000,0x00000006c24cd0f8,0x00000006cac80000)
 Metaspace       used 55527K, capacity 58792K, committed 59008K, reserved 1099776K
  class space    used 7751K, capacity 8312K, committed 8320K, reserved 1048576K
}
Event: 11.563 GC heap before
{Heap before GC invocations=12 (full 3):
 PSYoungGen      total 250368K, used 16864K [0x000000076b100000, 0x000000077f280000, 0x00000007c0000000)
  eden space 231936K, 0% used [0x000000076b100000,0x000000076b100000,0x0000000779380000)
  from space 18432K, 91% used [0x0000000779380000,0x000000077a3f82f0,0x000000077a580000)
  to   space 20480K, 0% used [0x000000077de80000,0x000000077de80000,0x000000077f280000)
 ParOldGen       total 158208K, used 19252K [0x00000006c1200000, 0x00000006cac80000, 0x000000076b100000)
  object space 158208K, 12% used [0x00000006c1200000,0x00000006c24cd0f8,0x00000006cac80000)
 Metaspace       used 55527K, capacity 58792K, committed 59008K, reserved 1099776K
  class space    used 7751K, capacity 8312K, committed 8320K, reserved 1048576K
Event: 11.661 GC heap after
Heap after GC invocations=12 (full 3):
 PSYoungGen      total 250368K, used 0K [0x000000076b100000, 0x000000077f280000, 0x00000007c0000000)
  eden space 231936K, 0% used [0x000000076b100000,0x000000076b100000,0x0000000779380000)
  from space 18432K, 0% used [0x0000000779380000,0x0000000779380000,0x000000077a580000)
  to   space 20480K, 0% used [0x000000077de80000,0x000000077de80000,0x000000077f280000)
 ParOldGen       total 218112K, used 28214K [0x00000006c1200000, 0x00000006ce700000, 0x000000076b100000)
  object space 218112K, 12% used [0x00000006c1200000,0x00000006c2d8db78,0x00000006ce700000)
 Metaspace       used 55516K, capacity 58774K, committed 59008K, reserved 1099776K
  class space    used 7750K, capacity 8309K, committed 8320K, reserved 1048576K
}
Event: 44.009 GC heap before
{Heap before GC invocations=13 (full 3):
 PSYoungGen      total 250368K, used 71532K [0x000000076b100000, 0x000000077f280000, 0x00000007c0000000)
  eden space 231936K, 30% used [0x000000076b100000,0x000000076f6db340,0x0000000779380000)
  from space 18432K, 0% used [0x0000000779380000,0x0000000779380000,0x000000077a580000)
  to   space 20480K, 0% used [0x000000077de80000,0x000000077de80000,0x000000077f280000)
 ParOldGen       total 218112K, used 28214K [0x00000006c1200000, 0x00000006ce700000, 0x000000076b100000)
  object space 218112K, 12% used [0x00000006c1200000,0x00000006c2d8db78,0x00000006ce700000)
 Metaspace       used 60157K, capacity 63608K, committed 63744K, reserved 1103872K
  class space    used 8340K, capacity 8909K, committed 8960K, reserved 1048576K
Event: 44.014 GC heap after
Heap after GC invocations=13 (full 3):
 PSYoungGen      total 309248K, used 7716K [0x000000076b100000, 0x000000077f500000, 0x00000007c0000000)
  eden space 288768K, 0% used [0x000000076b100000,0x000000076b100000,0x000000077cb00000)
  from space 20480K, 37% used [0x000000077de80000,0x000000077e6090b0,0x000000077f280000)
  to   space 19968K, 0% used [0x000000077cb00000,0x000000077cb00000,0x000000077de80000)
 ParOldGen       total 218112K, used 28222K [0x00000006c1200000, 0x00000006ce700000, 0x000000076b100000)
  object space 218112K, 12% used [0x00000006c1200000,0x00000006c2d8fb78,0x00000006ce700000)
 Metaspace       used 60157K, capacity 63608K, committed 63744K, reserved 1103872K
  class space    used 8340K, capacity 8909K, committed 8960K, reserved 1048576K
}
Event: 44.015 GC heap before
{Heap before GC invocations=14 (full 4):
 PSYoungGen      total 309248K, used 7716K [0x000000076b100000, 0x000000077f500000, 0x00000007c0000000)
  eden space 288768K, 0% used [0x000000076b100000,0x000000076b100000,0x000000077cb00000)
  from space 20480K, 37% used [0x000000077de80000,0x000000077e6090b0,0x000000077f280000)
  to   space 19968K, 0% used [0x000000077cb00000,0x000000077cb00000,0x000000077de80000)
 ParOldGen       total 218112K, used 28222K [0x00000006c1200000, 0x00000006ce700000, 0x000000076b100000)
  object space 218112K, 12% used [0x00000006c1200000,0x00000006c2d8fb78,0x00000006ce700000)
 Metaspace       used 60157K, capacity 63608K, committed 63744K, reserved 1103872K
  class space    used 8340K, capacity 8909K, committed 8960K, reserved 1048576K
Event: 44.208 GC heap after
Heap after GC invocations=14 (full 4):
 PSYoungGen      total 309248K, used 0K [0x000000076b100000, 0x000000077f500000, 0x00000007c0000000)
  eden space 288768K, 0% used [0x000000076b100000,0x000000076b100000,0x000000077cb00000)
  from space 20480K, 0% used [0x000000077de80000,0x000000077de80000,0x000000077f280000)
  to   space 19968K, 0% used [0x000000077cb00000,0x000000077cb00000,0x000000077de80000)
 ParOldGen       total 218112K, used 27601K [0x00000006c1200000, 0x00000006ce700000, 0x000000076b100000)
  object space 218112K, 12% used [0x00000006c1200000,0x00000006c2cf4480,0x00000006ce700000)
 Metaspace       used 60157K, capacity 63608K, committed 63744K, reserved 1103872K
  class space    used 8340K, capacity 8909K, committed 8960K, reserved 1048576K
}
Event: 44.801 GC heap before
{Heap before GC invocations=15 (full 4):
 PSYoungGen      total 309248K, used 288768K [0x000000076b100000, 0x000000077f500000, 0x00000007c0000000)
  eden space 288768K, 100% used [0x000000076b100000,0x000000077cb00000,0x000000077cb00000)
  from space 20480K, 0% used [0x000000077de80000,0x000000077de80000,0x000000077f280000)
  to   space 19968K, 0% used [0x000000077cb00000,0x000000077cb00000,0x000000077de80000)
 ParOldGen       total 218112K, used 27601K [0x00000006c1200000, 0x00000006ce700000, 0x000000076b100000)
  object space 218112K, 12% used [0x00000006c1200000,0x00000006c2cf4480,0x00000006ce700000)
 Metaspace       used 60360K, capacity 63890K, committed 64000K, reserved 1103872K
  class space    used 8364K, capacity 8954K, committed 8960K, reserved 1048576K
Event: 44.805 GC heap after
Heap after GC invocations=15 (full 4):
 PSYoungGen      total 308736K, used 4428K [0x000000076b100000, 0x0000000783300000, 0x00000007c0000000)
  eden space 288768K, 0% used [0x000000076b100000,0x000000076b100000,0x000000077cb00000)
  from space 19968K, 22% used [0x000000077cb00000,0x000000077cf530e8,0x000000077de80000)
  to   space 19456K, 0% used [0x0000000782000000,0x0000000782000000,0x0000000783300000)
 ParOldGen       total 218112K, used 27609K [0x00000006c1200000, 0x00000006ce700000, 0x000000076b100000)
  object space 218112K, 12% used [0x00000006c1200000,0x00000006c2cf6480,0x00000006ce700000)
 Metaspace       used 60360K, capacity 63890K, committed 64000K, reserved 1103872K
  class space    used 8364K, capacity 8954K, committed 8960K, reserved 1048576K
}

